Quick-Cocos2dx-Community C++ support ready.

------------------------------------------------

LOAD LUA FILE: E:/planesfight/src/main.lua

------------------------------------------------

[LUA-print] ===========================================================

[LUA-print]               LOAD QUICK FRAMEWORK

[LUA-print] ===========================================================

[LUA-print] [INFO] 

[LUA-print] [INFO] # DEBUG                        = 1

[LUA-print] [INFO] #

[LUA-print] [INFO] # device.platform              = windows

[LUA-print] [INFO] # device.model                 = unknown

[LUA-print] [INFO] # device.language              = cn

[LUA-print] [INFO] # device.writablePath          = E:\planesfight\

[LUA-print] [INFO] # device.directorySeparator    = \

[LUA-print] [INFO] # device.pathSeparator         = ;

[LUA-print] [INFO] #

[LUA-print] [INFO] # CONFIG_SCREEN_AUTOSCALE      = FIXED_WIDTH

[LUA-print] [INFO] # CONFIG_SCREEN_WIDTH          = 480.00

[LUA-print] [INFO] # CONFIG_SCREEN_HEIGHT         = 720.00

[LUA-print] [INFO] # display.widthInPixels        = 480.00

[LUA-print] [INFO] # display.heightInPixels       = 720.00

[LUA-print] [INFO] # display.contentScaleFactor   = 1.00

[LUA-print] [INFO] # display.width                = 480.00

[LUA-print] [INFO] # display.height               = 720.00

[LUA-print] [INFO] # display.cx                   = 240.00

[LUA-print] [INFO] # display.cy                   = 360.00

[LUA-print] [INFO] # display.left                 = 0.00

[LUA-print] [INFO] # display.right                = 480.00

[LUA-print] [INFO] # display.top                  = 720.00

[LUA-print] [INFO] # display.bottom               = 0.00

[LUA-print] [INFO] # display.c_left               = -240.00

[LUA-print] [INFO] # display.c_right              = 240.00

[LUA-print] [INFO] # display.c_top                = 360.00

[LUA-print] [INFO] # display.c_bottom             = -360.00

[LUA-print] [INFO] #

[Edit text] content size = (290.000000, 50.000000)

[Edit text] content size = (290.000000, 50.000000)

[Edit text] content size = (290.000000, 50.000000)

[Edit text] content size = (290.000000, 50.000000)

[LUA-print] 1662783932

[LUA-print] nil

[LUA-print] enemy3:startMove

[LUA-print] enemy2:startMove

[LUA-print] enemy1:startMove

[LUA-print] enemy3:startMove

[LUA-print] enemy2:startMove

[LUA-print] enemy1:startMove

[LUA-print] enemy3:startMove

[LUA-print] enemy2:startMove

[LUA-print] enemy1:startMove

[LUA-print] enemy3:reborn

[LUA-print] enemy2:reborn

[LUA-print] enemy1:reborn

[LUA-print] hit on

[LUA-print] enemy2:reborn

[LUA-print] hit on

[LUA-print] hit on

[LUA-print] enemy2:reborn

[LUA-print] hit on

[LUA-print] enemy1:reborn

[LUA-print] enemy2:reborn

[LUA-print] hit on

[LUA-print] hit on

[LUA-print] enemy1:reborn

[LUA-print] enemy3:reborn

[LUA-print] 触摸事件

